0 0  C:/sites/mysite.local/public/index.html GET
196 0  C:/sites/mysite.local/public/docs GET
196 0  C:/sites/mysite.local/public/docs GET
196 0  C:/sites/mysite.local/public/docs GET
196 0  C:/sites/mysite.local/public/docs GET
196 0  C:/sites/mysite.local/public/docs GET
0 0  C:/sites/images/logo-desktop.png GET
196 0  C:/sites/mysite.local/public/docs GET
67252 0  C:/sites/mysite.local/public/index.html GET
35 0  C:/sites/mysite.local/stylesheet/style.css GET
196 0  C:/sites/mysite.local/public/docs GET
196 0  C:/sites/mysite.local/public/docs GET
196 0  C:/sites/mysite.local/public/docs GET
196 0  C:/sites/mysite.local/public/docs GET
196 0  C:/sites/mysite.local/public/docs GET
8167 0  C:/sites/images/logo-desktop.png GET
196 0  C:/sites/mysite.local/public/docs GET
196 0  C:/sites/mysite.local/public/docs GET
196 0  C:/sites/mysite.local/public/docs GET
196 0  C:/sites/mysite.local/public/premia GET
196 0  C:/sites/mysite.local/public/favicon.ico GET
0 0  - -
196 0  C:/sites/mysite.local/public/premia GET
196 0  C:/sites/mysite.local/public/premia GET
288 0  C:/sites/mysite.local/public/errors/404.html GET
288 0  C:/sites/mysite.local/public/errors/404.html GET
0 0  - -
288 0  C:/sites/mysite.local/public/errors/404.html GET
288 0  C:/sites/mysite.local/public/errors/404.html GET
0 0  - -
0 0  C:/sites/mysite.local/public/index.html GET
288 0  C:/sites/mysite.local/public/errors/404.html GET
288 0  C:/sites/mysite.local/public/errors/404.html GET
288 0  C:/sites/mysite.local/public/errors/404.html GET
288 0  C:/sites/mysite.local/public/errors/404.html GET
0 0  C:/sites/images/logo-desktop.png GET
288 0  C:/sites/mysite.local/public/errors/404.html GET
288 0  C:/sites/mysite.local/public/errors/404.html GET
288 0  C:/sites/mysite.local/public/errors/404.html GET
288 0  C:/sites/mysite.local/public/errors/404.html GET
0 0  C:/sites/mysite.local/public/index.html GET
288 0  C:/sites/mysite.local/public/errors/404.html GET
288 0  C:/sites/mysite.local/public/errors/404.html GET
288 0  C:/sites/mysite.local/public/errors/404.html GET
288 0  C:/sites/mysite.local/public/errors/404.html GET
288 0  C:/sites/mysite.local/public/errors/404.html GET
0 0  C:/sites/mysite.local/public/index.html GET
288 0  C:/sites/mysite.local/public/errors/404.html GET
288 0  C:/sites/mysite.local/public/errors/404.html GET
288 0  C:/sites/mysite.local/public/errors/404.html GET
288 0  C:/sites/mysite.local/public/errors/404.html GET
288 0  C:/sites/mysite.local/public/errors/404.html GET
0 0  C:/sites/mysite.local/public/index.html GET
288 0  C:/sites/mysite.local/public/errors/404.html GET
288 0  C:/sites/mysite.local/public/errors/404.html GET
288 0  C:/sites/mysite.local/public/errors/404.html GET
288 0  C:/sites/mysite.local/public/errors/404.html GET
288 0  C:/sites/mysite.local/public/errors/404.html GET
0 0  C:/sites/mysite.local/public/index.html GET
288 0  C:/sites/mysite.local/public/errors/404.html GET
288 0  C:/sites/mysite.local/public/errors/404.html GET
288 0  C:/sites/mysite.local/public/errors/404.html GET
288 0  C:/sites/mysite.local/public/errors/404.html GET
288 0  C:/sites/mysite.local/public/errors/404.html GET
67252 0  C:/sites/mysite.local/public/index.html GET
35 0  C:/sites/mysite.local/stylesheet/style.css GET
288 0  C:/sites/mysite.local/public/errors/404.html GET
288 0  C:/sites/mysite.local/public/errors/404.html GET
288 0  C:/sites/mysite.local/public/errors/404.html GET
288 0  C:/sites/mysite.local/public/errors/404.html GET
8167 0  C:/sites/images/logo-desktop.png GET
288 0  C:/sites/mysite.local/public/errors/404.html GET
288 0  C:/sites/mysite.local/public/errors/404.html GET
288 0  C:/sites/mysite.local/public/errors/404.html GET
288 0  C:/sites/mysite.local/public/errors/404.html GET
0 0  C:/sites/mysite.local/public/index.html GET
288 0  C:/sites/mysite.local/public/errors/404.html GET
288 0  C:/sites/mysite.local/public/errors/404.html GET
288 0  C:/sites/mysite.local/public/errors/404.html GET
288 0  C:/sites/mysite.local/public/errors/404.html GET
288 0  C:/sites/mysite.local/public/errors/404.html GET
0 0  C:/sites/mysite.local/public/index.html GET
288 0  C:/sites/mysite.local/public/errors/404.html GET
288 0  C:/sites/mysite.local/public/errors/404.html GET
288 0  C:/sites/mysite.local/public/errors/404.html GET
288 0  C:/sites/mysite.local/public/errors/404.html GET
288 0  C:/sites/mysite.local/public/errors/404.html GET
0 0  C:/sites/mysite.local/public/index.html GET
288 0  C:/sites/mysite.local/public/errors/404.html GET
288 0  C:/sites/mysite.local/public/errors/404.html GET
288 0  C:/sites/mysite.local/public/errors/404.html GET
288 0  C:/sites/mysite.local/public/errors/404.html GET
288 0  C:/sites/mysite.local/public/errors/404.html GET
0 0  C:/sites/mysite.local/public/index.html GET
288 0  C:/sites/mysite.local/public/errors/404.html GET
288 0  C:/sites/mysite.local/public/errors/404.html GET
288 0  C:/sites/mysite.local/public/errors/404.html GET
288 0  C:/sites/mysite.local/public/errors/404.html GET
288 0  C:/sites/mysite.local/public/errors/404.html GET
0 0  C:/sites/mysite.local/public/index.html GET
288 0  C:/sites/mysite.local/public/errors/404.html GET
288 0  C:/sites/mysite.local/public/errors/404.html GET
288 0  C:/sites/mysite.local/public/errors/404.html GET
288 0  C:/sites/mysite.local/public/errors/404.html GET
288 0  C:/sites/mysite.local/public/errors/404.html GET
75369 0  C:/sites/mysite.local/public/test.php GET
288 0  C:/sites/mysite.local/public/errors/404.html GET
0 0  - -
67252 0  C:/sites/mysite.local/public/index.html GET
67252 0  C:/sites/mysite.local/public/index.html GET
67252 0  C:/sites/mysite.local/public/index.html GET
67252 0  C:/sites/mysite.local/public/index.html GET
67252 0  C:/sites/mysite.local/public/index.html GET
67252 0  C:/sites/mysite.local/public/index.html GET
535 0  C:/sites/mysite.local/public/test.py GET
535 0  C:/sites/mysite.local/public/test.py GET
0 0  - -
30 0  C:/sites/mysite.local/public/test.py GET
0 0  - -
30 0  C:/sites/mysite.local/public/test.py GET
0 0  - -
67252 0  C:/sites/mysite.local/public/index.html GET
67252 0  C:/sites/mysite.local/public/index.html GET
67252 0  C:/sites/mysite.local/public/index.html GET
67252 0  C:/sites/mysite.local/public/index.html GET
30 0  C:/sites/mysite.local/public/test.py GET
30 0  C:/sites/mysite.local/public/test.py GET
30 0  C:/sites/mysite.local/public/test.py GET
0 0  - -
39 0  C:/sites/mysite.local/public/test.py GET
0 0  - -
30 0  C:/sites/mysite.local/public/test.py GET
0 0  - -
30 0  C:/sites/mysite.local/public/test.py GET
0 0  C:/sites/mysite.local/public/index.html GET
288 0  C:/sites/mysite.local/public/errors/404.html GET
288 0  C:/sites/mysite.local/public/errors/404.html GET
288 0  C:/sites/mysite.local/public/errors/404.html GET
288 0  C:/sites/mysite.local/public/errors/404.html GET
8167 0  C:/sites/images/logo-desktop.png GET
288 0  C:/sites/mysite.local/public/errors/404.html GET
288 0  C:/sites/mysite.local/public/errors/404.html GET
0 0  C:/sites/mysite.local/public/index.html GET
0 0  - -
288 0  C:/sites/mysite.local/public/errors/404.html GET
0 0  - -
381 0  C:/sites/mysite.local/public/test.zip GET
288 0  C:/sites/mysite.local/public/errors/404.html GET
0 0  C:/sites/mysite.local/public/test.zip GET
381 0  C:/sites/mysite.local/public/test.zip GET
381 0  C:/sites/mysite.local/public/test.zip GET
0 0  - -
329 0  C:/sites/mysite.local/public/old-product.html GET
0 0  - -
244 0  - GET
327 0  C:/sites/mysite.local/public/new-product.html GET
0 0  - -
67252 0  C:/sites/mysite.local/public/index.html GET
67252 0  C:/sites/mysite.local/public/index.html GET
67252 0  C:/sites/mysite.local/public/index.html GET
67287 0  C:/sites/mysite.local/public/index.html GET
35 0  C:/sites/mysite.local/stylesheet/style.css GET
288 0  C:/sites/mysite.local/public/errors/404.html GET
288 0  C:/sites/mysite.local/public/errors/404.html GET
288 0  C:/sites/mysite.local/public/errors/404.html GET
288 0  C:/sites/mysite.local/public/errors/404.html GET
535 0  - GET
8167 0  C:/sites/images/logo-desktop.png GET
288 0  C:/sites/mysite.local/public/errors/404.html GET
288 0  C:/sites/mysite.local/public/errors/404.html GET
288 0  C:/sites/mysite.local/public/errors/404.html GET
288 0  C:/sites/mysite.local/public/errors/404.html GET
0 0  - -
0 0  C:/sites/mysite.local/public/index.html GET
237 0  - GET
1330 0  C:/sites/mysite.local/public/photo.png GET
237 0  - GET
1330 0  C:/sites/mysite.local/public/photo.png GET
0 0  - -
235 0  - GET
30 0  C:/sites/mysite.local/public/test.py GET
288 0  C:/sites/mysite.local/public/errors/404.html GET
0 0  - -
30 0  C:/sites/mysite.local/public/test.py GET
67321 0  C:/sites/mysite.local/public/index.html GET
236 0  - GET
4034 0  C:/sites/mysite.local/public/test.png GET
236 0  - GET
4034 0  C:/sites/mysite.local/public/test.png GET
0 0  C:/sites/mysite.local/public/index.html GET
0 0  - -
226 0  index.php GET
0 0  - -
226 0  index.php GET
226 0  index.php GET
226 0  index.php GET
0 0  - -
198 0  C:/sites/mysite.local/public/index.php GET
0 0  - -
36 0  C:/sites/mysite.local/public/index.php GET
0 0  - -
38 0  C:/sites/mysite.local/public/index.php GET
0 0  - -
55 0  C:/sites/mysite.local/public/index.php GET
0 0  - -
34 0  C:/sites/mysite.local/public/index.php GET
0 0  - -
37 164  C:/sites/mysite.local/public/index.php GET
34 0  C:/sites/mysite.local/public/index.php GET
0 0  - -
37 0  C:/sites/mysite.local/public/index.php GET
0 0  - -
37 0  C:/sites/mysite.local/public/index.php GET
0 0  - -
37 0  C:/sites/mysite.local/public/index.php GET
37 0  C:/sites/mysite.local/public/index.php GET
38 0  C:/sites/mysite.local/public/index.php GET
0 0  - -
205 0  https://mysite.local/ GET
226 0  - -
226 0  - -
226 0  - -
226 0  - -
226 0  - -
226 0  - -
226 0  - -
226 0  - -
226 0  - -
226 0  - -
0 0  - -
226 0  - -
226 0  - -
226 0  - -
226 0  - -
226 0  - -
226 0  - -
226 0  - -
226 0  - -
226 0  - -
226 0  - -
226 0  - -
226 0  - -
226 0  - -
226 0  - -
226 0  - -
226 0  - -
226 0  - -
226 0  - -
226 0  - -
226 0  - -
226 0  - -
226 0  - -
0 0  - -
0 0  - -
37 0  C:/sites/mysite.local/public/index.php GET
38 0  C:/sites/mysite.local/public/index.php GET
37 0  C:/sites/mysite.local/public/index.php GET
37 0  C:/sites/mysite.local/public/index.php GET
226 0  - -
226 0  - -
226 0  - -
226 0  - -
226 0  - -
226 0  - -
226 0  - -
226 0  - -
226 0  - -
226 0  - -
226 0  - -
226 0  - -
0 0  - -
0 0  - -
226 0  - -
226 0  - -
226 0  - -
226 0  - -
226 0  - -
226 0  - -
226 0  - -
226 0  - -
226 0  - -
226 0  - -
226 0  - -
226 0  - -
226 0  - -
226 0  - -
226 0  - -
226 0  - -
226 0  - -
226 0  - -
226 0  - -
226 0  - -
37 0  C:/sites/mysite.local/public/index.php GET
37 0  C:/sites/mysite.local/public/index.php GET
37 0  C:/sites/mysite.local/public/index.php GET
35 0  C:/sites/mysite.local/public/index.php GET
