192.168.0.195 - - [14/May/2022:17:21:43 +0300] "GET / HTTP/1.1" 200 46
fe80::d831:d814:e983:80da - - [14/May/2022:17:21:43 +0300] "GET / HTTP/1.1" 200 46
::1 - - [14/May/2022:17:35:24 +0300] "GET / HTTP/1.1" 200 46
::1 - - [14/May/2022:17:35:24 +0300] "GET /favicon.ico HTTP/1.1" 404 196
::1 - - [14/May/2022:17:36:24 +0300] "-" 408 -
::1 - - [14/May/2022:18:07:14 +0300] "GET / HTTP/1.1" 304 -
::1 - - [14/May/2022:18:07:18 +0300] "GET / HTTP/1.1" 304 -
::1 - - [14/May/2022:18:07:19 +0300] "GET / HTTP/1.1" 304 -
::1 - - [14/May/2022:18:07:20 +0300] "GET / HTTP/1.1" 304 -
::1 - - [14/May/2022:18:07:46 +0300] "GET / HTTP/1.1" 304 -
127.0.0.1 - - [14/May/2022:18:08:14 +0300] "GET / HTTP/1.1" 304 -
::1 - - [14/May/2022:18:08:15 +0300] "GET / HTTP/1.1" 304 -
::1 - - [14/May/2022:18:08:15 +0300] "GET / HTTP/1.1" 304 -
::1 - - [14/May/2022:18:08:16 +0300] "GET / HTTP/1.1" 304 -
::1 - - [14/May/2022:18:09:15 +0300] "-" 408 -
::1 - - [14/May/2022:18:10:06 +0300] "GET / HTTP/1.1" 200 70
::1 - - [14/May/2022:18:11:06 +0300] "-" 408 -
::1 - - [14/May/2022:18:14:07 +0300] "GET / HTTP/1.1" 304 -
::1 - - [14/May/2022:18:14:10 +0300] "GET / HTTP/1.1" 304 -
::1 - - [14/May/2022:18:15:04 +0300] "GET / HTTP/1.1" 200 70
::1 - - [14/May/2022:18:15:05 +0300] "GET /favicon.ico HTTP/1.1" 404 196
127.0.0.1 - - [14/May/2022:18:16:05 +0300] "-" 408 -
::1 - - [14/May/2022:18:23:27 +0300] "GET / HTTP/1.1" 304 -
::1 - - [14/May/2022:18:24:23 +0300] "GET / HTTP/1.1" 304 -
::1 - - [14/May/2022:18:25:23 +0300] "-" 408 -
192.168.0.195 - - [14/May/2022:19:23:49 +0300] "GET / HTTP/1.1" 200 70
::1 - - [14/May/2022:19:40:34 +0300] "GET /about.abc HTTP/1.1" 200 62
::1 - - [14/May/2022:19:41:34 +0300] "-" 408 -
::1 - - [14/May/2022:19:42:41 +0300] "GET /about.abc HTTP/1.1" 304 -
::1 - - [14/May/2022:19:42:44 +0300] "GET /about.abc HTTP/1.1" 200 62
::1 - - [14/May/2022:19:42:44 +0300] "GET /favicon.ico HTTP/1.1" 404 196
::1 - - [14/May/2022:19:43:41 +0300] "-" 408 -
